2026-07-06T04:54:30.630070Z  INFO stacksaw::tui: --- Terminal Info ---
2026-07-06T04:54:30.630089Z  INFO stacksaw::tui: TERM: tmux-256color
2026-07-06T04:54:30.630091Z  INFO stacksaw::tui: COLORTERM: truecolor
2026-07-06T04:54:30.630091Z  INFO stacksaw::tui: TERM_PROGRAM: tmux
2026-07-06T04:54:30.630092Z  INFO stacksaw::tui: TERM_PROGRAM_VERSION: 3.6
2026-07-06T04:54:30.630093Z  INFO stacksaw::tui: TERMINAL_EMULATOR: UNSET
2026-07-06T04:54:30.630094Z  INFO stacksaw::tui: VTE_VERSION: 8390
2026-07-06T04:54:30.630095Z  INFO stacksaw::tui: LANG: en_US.UTF-8
2026-07-06T04:54:30.630095Z  INFO stacksaw::tui: SHELL: /usr/bin/zsh
2026-07-06T04:54:30.630097Z  INFO stacksaw::tui: detect_truecolor(): true
2026-07-06T04:54:30.630097Z  INFO stacksaw::tui: ---------------------
2026-07-06T04:54:31.859286Z  INFO stacksaw::tui: TUI loop cycle: total_ms=77.54, lazy_load_ms=13.51, draw_ms=63.98, poll_ms=0.05, read_ms=0.00, handle_ms=0.00, event_count=1, last_event=Mouse(MouseEvent { kind: Moved, column: 102, row: 42, modifiers: KeyModifiers(0x0) })
2026-07-06T04:54:32.917982Z  INFO stacksaw::tui: TUI loop cycle: total_ms=111.43, lazy_load_ms=0.00, draw_ms=60.85, poll_ms=50.57, read_ms=0.00, handle_ms=0.00, event_count=1, last_event=Mouse(MouseEvent { kind: Moved, column: 102, row: 42, modifiers: KeyModifiers(0x0) })
2026-07-06T04:54:32.980804Z  INFO stacksaw::tui: TUI loop cycle: total_ms=62.78, lazy_load_ms=0.00, draw_ms=62.76, poll_ms=0.01, read_ms=0.00, handle_ms=0.00, event_count=2, last_event=Mouse(MouseEvent { kind: Moved, column: 102, row: 42, modifiers: KeyModifiers(0x0) })
2026-07-06T04:54:33.151019Z  INFO stacksaw::tui: TUI loop cycle: total_ms=170.18, lazy_load_ms=0.00, draw_ms=62.88, poll_ms=107.28, read_ms=0.00, handle_ms=0.00, event_count=1, last_event=Mouse(MouseEvent { kind: Moved, column: 102, row: 41, modifiers: KeyModifiers(0x0) })
2026-07-06T04:54:33.212288Z  INFO stacksaw::tui: TUI loop cycle: total_ms=61.23, lazy_load_ms=0.00, draw_ms=61.21, poll_ms=0.01, read_ms=0.00, handle_ms=0.00, event_count=7, last_event=Mouse(MouseEvent { kind: Moved, column: 104, row: 35, modifiers: KeyModifiers(0x0) })
2026-07-06T04:54:33.272366Z  INFO stacksaw::tui: TUI loop cycle: total_ms=60.04, lazy_load_ms=0.00, draw_ms=60.02, poll_ms=0.01, read_ms=0.00, handle_ms=0.00, event_count=7, last_event=Mouse(MouseEvent { kind: Moved, column: 112, row: 17, modifiers: KeyModifiers(0x0) })
2026-07-06T04:54:33.332259Z  INFO stacksaw::tui: TUI loop cycle: total_ms=59.86, lazy_load_ms=0.00, draw_ms=59.84, poll_ms=0.01, read_ms=0.00, handle_ms=0.00, event_count=7, last_event=Mouse(MouseEvent { kind: Moved, column: 115, row: 11, modifiers: KeyModifiers(0x0) })
2026-07-06T04:54:33.392849Z  INFO stacksaw::tui: TUI loop cycle: total_ms=60.56, lazy_load_ms=0.00, draw_ms=60.54, poll_ms=0.01, read_ms=0.00, handle_ms=0.00, event_count=1, last_event=Mouse(MouseEvent { kind: Moved, column: 116, row: 10, modifiers: KeyModifiers(0x0) })
2026-07-06T04:54:33.452707Z  INFO stacksaw::tui: TUI loop cycle: total_ms=59.82, lazy_load_ms=0.00, draw_ms=59.81, poll_ms=0.01, read_ms=0.00, handle_ms=0.00, event_count=2, last_event=Mouse(MouseEvent { kind: Moved, column: 118, row: 7, modifiers: KeyModifiers(0x0) })
2026-07-06T04:54:33.513588Z  INFO stacksaw::tui: TUI loop cycle: total_ms=60.85, lazy_load_ms=0.00, draw_ms=60.83, poll_ms=0.01, read_ms=0.00, handle_ms=0.00, event_count=2, last_event=Mouse(MouseEvent { kind: Moved, column: 118, row: 7, modifiers: KeyModifiers(0x0) })
2026-07-06T04:54:33.573865Z  INFO stacksaw::tui: TUI loop cycle: total_ms=60.24, lazy_load_ms=0.00, draw_ms=60.23, poll_ms=0.01, read_ms=0.00, handle_ms=0.00, event_count=1, last_event=Mouse(MouseEvent { kind: Moved, column: 118, row: 7, modifiers: KeyModifiers(0x0) })
2026-07-06T04:54:33.634191Z  INFO stacksaw::tui: TUI loop cycle: total_ms=60.29, lazy_load_ms=0.00, draw_ms=60.28, poll_ms=0.01, read_ms=0.00, handle_ms=0.00, event_count=1, last_event=Mouse(MouseEvent { kind: Moved, column: 117, row: 8, modifiers: KeyModifiers(0x0) })
2026-07-06T04:54:33.695082Z  INFO stacksaw::tui: TUI loop cycle: total_ms=60.85, lazy_load_ms=0.00, draw_ms=60.84, poll_ms=0.01, read_ms=0.00, handle_ms=0.00, event_count=2, last_event=Mouse(MouseEvent { kind: Moved, column: 117, row: 8, modifiers: KeyModifiers(0x0) })
2026-07-06T04:54:33.755417Z  INFO stacksaw::tui: TUI loop cycle: total_ms=60.30, lazy_load_ms=0.00, draw_ms=60.28, poll_ms=0.01, read_ms=0.00, handle_ms=0.00, event_count=1, last_event=Mouse(MouseEvent { kind: Moved, column: 117, row: 8, modifiers: KeyModifiers(0x0) })
2026-07-06T04:54:33.815264Z  INFO stacksaw::tui: TUI loop cycle: total_ms=59.81, lazy_load_ms=0.00, draw_ms=59.79, poll_ms=0.01, read_ms=0.00, handle_ms=0.00, event_count=3, last_event=Mouse(MouseEvent { kind: Moved, column: 117, row: 8, modifiers: KeyModifiers(0x0) })
2026-07-06T04:54:33.875095Z  INFO stacksaw::tui: TUI loop cycle: total_ms=59.80, lazy_load_ms=0.00, draw_ms=59.78, poll_ms=0.01, read_ms=0.00, handle_ms=0.00, event_count=5, last_event=Mouse(MouseEvent { kind: Moved, column: 117, row: 9, modifiers: KeyModifiers(0x0) })
2026-07-06T04:54:33.935710Z  INFO stacksaw::tui: TUI loop cycle: total_ms=60.58, lazy_load_ms=0.00, draw_ms=60.56, poll_ms=0.01, read_ms=0.00, handle_ms=0.00, event_count=6, last_event=Mouse(MouseEvent { kind: Moved, column: 117, row: 9, modifiers: KeyModifiers(0x0) })
2026-07-06T04:54:33.997320Z  INFO stacksaw::tui: TUI loop cycle: total_ms=61.57, lazy_load_ms=0.00, draw_ms=61.56, poll_ms=0.01, read_ms=0.00, handle_ms=0.00, event_count=1, last_event=Mouse(MouseEvent { kind: Moved, column: 117, row: 9, modifiers: KeyModifiers(0x0) })
2026-07-06T04:54:34.058388Z  INFO stacksaw::tui: TUI loop cycle: total_ms=61.03, lazy_load_ms=0.00, draw_ms=61.01, poll_ms=0.01, read_ms=0.00, handle_ms=0.00, event_count=5, last_event=Mouse(MouseEvent { kind: Moved, column: 117, row: 9, modifiers: KeyModifiers(0x0) })
2026-07-06T04:54:34.117918Z  INFO stacksaw::tui: TUI loop cycle: total_ms=59.49, lazy_load_ms=0.00, draw_ms=59.48, poll_ms=0.01, read_ms=0.00, handle_ms=0.00, event_count=5, last_event=Mouse(MouseEvent { kind: Moved, column: 117, row: 8, modifiers: KeyModifiers(0x0) })
2026-07-06T04:54:34.178717Z  INFO stacksaw::tui: TUI loop cycle: total_ms=60.76, lazy_load_ms=0.00, draw_ms=60.74, poll_ms=0.01, read_ms=0.00, handle_ms=0.00, event_count=4, last_event=Mouse(MouseEvent { kind: Moved, column: 117, row: 8, modifiers: KeyModifiers(0x0) })
2026-07-06T04:54:34.240449Z  INFO stacksaw::tui: TUI loop cycle: total_ms=61.70, lazy_load_ms=0.00, draw_ms=59.86, poll_ms=1.83, read_ms=0.00, handle_ms=0.00, event_count=1, last_event=Mouse(MouseEvent { kind: Moved, column: 117, row: 7, modifiers: KeyModifiers(0x0) })
2026-07-06T04:54:34.300390Z  INFO stacksaw::tui: TUI loop cycle: total_ms=59.90, lazy_load_ms=0.00, draw_ms=59.89, poll_ms=0.01, read_ms=0.00, handle_ms=0.00, event_count=4, last_event=Mouse(MouseEvent { kind: Moved, column: 117, row: 7, modifiers: KeyModifiers(0x0) })
2026-07-06T04:54:34.360475Z  INFO stacksaw::tui: TUI loop cycle: total_ms=60.05, lazy_load_ms=0.00, draw_ms=60.03, poll_ms=0.01, read_ms=0.00, handle_ms=0.00, event_count=1, last_event=Mouse(MouseEvent { kind: Moved, column: 117, row: 6, modifiers: KeyModifiers(0x0) })
2026-07-06T04:54:34.419743Z  INFO stacksaw::tui: TUI loop cycle: total_ms=59.23, lazy_load_ms=0.00, draw_ms=59.22, poll_ms=0.01, read_ms=0.00, handle_ms=0.00, event_count=1, last_event=Mouse(MouseEvent { kind: Moved, column: 117, row: 6, modifiers: KeyModifiers(0x0) })
2026-07-06T04:54:34.480355Z  INFO stacksaw::tui: TUI loop cycle: total_ms=60.58, lazy_load_ms=0.00, draw_ms=60.56, poll_ms=0.01, read_ms=0.00, handle_ms=0.00, event_count=1, last_event=Mouse(MouseEvent { kind: Moved, column: 116, row: 5, modifiers: KeyModifiers(0x0) })
2026-07-06T04:54:34.541963Z  INFO stacksaw::tui: TUI loop cycle: total_ms=61.57, lazy_load_ms=0.00, draw_ms=61.56, poll_ms=0.01, read_ms=0.00, handle_ms=0.00, event_count=1, last_event=Mouse(MouseEvent { kind: Moved, column: 116, row: 5, modifiers: KeyModifiers(0x0) })
2026-07-06T04:54:34.605013Z  INFO stacksaw::tui: TUI loop cycle: total_ms=63.01, lazy_load_ms=0.00, draw_ms=63.00, poll_ms=0.01, read_ms=0.00, handle_ms=0.00, event_count=1, last_event=Mouse(MouseEvent { kind: Moved, column: 116, row: 5, modifiers: KeyModifiers(0x0) })
2026-07-06T04:54:34.666737Z  INFO stacksaw::tui: TUI loop cycle: total_ms=61.69, lazy_load_ms=0.00, draw_ms=61.67, poll_ms=0.01, read_ms=0.00, handle_ms=0.00, event_count=6, last_event=Mouse(MouseEvent { kind: Moved, column: 116, row: 4, modifiers: KeyModifiers(0x0) })
2026-07-06T04:54:34.728526Z  INFO stacksaw::tui: TUI loop cycle: total_ms=61.75, lazy_load_ms=0.00, draw_ms=61.73, poll_ms=0.01, read_ms=0.00, handle_ms=0.00, event_count=8, last_event=Mouse(MouseEvent { kind: Moved, column: 116, row: 2, modifiers: KeyModifiers(0x0) })
2026-07-06T04:54:34.790803Z  INFO stacksaw::tui: TUI loop cycle: total_ms=62.24, lazy_load_ms=0.00, draw_ms=62.22, poll_ms=0.01, read_ms=0.00, handle_ms=0.00, event_count=1, last_event=Mouse(MouseEvent { kind: Moved, column: 115, row: 2, modifiers: KeyModifiers(0x0) })
2026-07-06T04:54:34.851579Z  INFO stacksaw::tui: TUI loop cycle: total_ms=60.74, lazy_load_ms=0.00, draw_ms=60.73, poll_ms=0.01, read_ms=0.00, handle_ms=0.00, event_count=1, last_event=Mouse(MouseEvent { kind: Moved, column: 115, row: 2, modifiers: KeyModifiers(0x0) })
2026-07-06T04:54:34.911439Z  INFO stacksaw::tui: TUI loop cycle: total_ms=59.82, lazy_load_ms=0.00, draw_ms=59.81, poll_ms=0.01, read_ms=0.00, handle_ms=0.00, event_count=1, last_event=Mouse(MouseEvent { kind: Moved, column: 115, row: 2, modifiers: KeyModifiers(0x0) })
2026-07-06T04:54:35.036099Z  INFO stacksaw::tui: TUI loop cycle: total_ms=124.63, lazy_load_ms=0.00, draw_ms=59.61, poll_ms=65.00, read_ms=0.00, handle_ms=0.00, event_count=1, last_event=Mouse(MouseEvent { kind: Moved, column: 115, row: 3, modifiers: KeyModifiers(0x0) })
2026-07-06T04:54:35.096429Z  INFO stacksaw::tui: TUI loop cycle: total_ms=60.29, lazy_load_ms=0.00, draw_ms=60.27, poll_ms=0.01, read_ms=0.00, handle_ms=0.00, event_count=6, last_event=Mouse(MouseEvent { kind: Moved, column: 115, row: 3, modifiers: KeyModifiers(0x0) })
2026-07-06T04:54:35.156239Z  INFO stacksaw::tui: TUI loop cycle: total_ms=59.78, lazy_load_ms=0.00, draw_ms=59.76, poll_ms=0.01, read_ms=0.00, handle_ms=0.00, event_count=1, last_event=Mouse(MouseEvent { kind: Moved, column: 116, row: 3, modifiers: KeyModifiers(0x0) })
2026-07-06T04:54:35.343384Z  INFO stacksaw::tui: TUI loop cycle: total_ms=187.12, lazy_load_ms=0.00, draw_ms=59.34, poll_ms=127.76, read_ms=0.00, handle_ms=0.00, event_count=1, last_event=Mouse(MouseEvent { kind: Moved, column: 116, row: 3, modifiers: KeyModifiers(0x0) })
2026-07-06T04:54:35.403935Z  INFO stacksaw::tui: TUI loop cycle: total_ms=60.52, lazy_load_ms=0.00, draw_ms=60.50, poll_ms=0.01, read_ms=0.00, handle_ms=0.00, event_count=3, last_event=Mouse(MouseEvent { kind: Moved, column: 116, row: 3, modifiers: KeyModifiers(0x0) })
2026-07-06T04:54:35.463052Z  INFO stacksaw::tui: TUI loop cycle: total_ms=59.08, lazy_load_ms=0.00, draw_ms=59.07, poll_ms=0.01, read_ms=0.00, handle_ms=0.00, event_count=1, last_event=Mouse(MouseEvent { kind: Moved, column: 116, row: 3, modifiers: KeyModifiers(0x0) })
2026-07-06T04:54:35.522342Z  INFO stacksaw::tui: TUI loop cycle: total_ms=59.26, lazy_load_ms=0.00, draw_ms=59.24, poll_ms=0.01, read_ms=0.00, handle_ms=0.00, event_count=1, last_event=Mouse(MouseEvent { kind: Moved, column: 115, row: 4, modifiers: KeyModifiers(0x0) })
2026-07-06T04:54:35.581583Z  INFO stacksaw::tui: TUI loop cycle: total_ms=59.21, lazy_load_ms=0.00, draw_ms=59.19, poll_ms=0.01, read_ms=0.00, handle_ms=0.00, event_count=4, last_event=Mouse(MouseEvent { kind: Moved, column: 114, row: 8, modifiers: KeyModifiers(0x0) })
2026-07-06T04:54:35.641877Z  INFO stacksaw::tui: TUI loop cycle: total_ms=60.26, lazy_load_ms=0.00, draw_ms=60.24, poll_ms=0.01, read_ms=0.00, handle_ms=0.00, event_count=1, last_event=Mouse(MouseEvent { kind: Moved, column: 114, row: 9, modifiers: KeyModifiers(0x0) })
2026-07-06T04:54:35.703181Z  INFO stacksaw::tui: TUI loop cycle: total_ms=61.27, lazy_load_ms=0.00, draw_ms=61.25, poll_ms=0.01, read_ms=0.00, handle_ms=0.00, event_count=2, last_event=Mouse(MouseEvent { kind: Moved, column: 112, row: 13, modifiers: KeyModifiers(0x0) })
2026-07-06T04:54:35.772848Z  INFO stacksaw::tui: TUI loop cycle: total_ms=69.63, lazy_load_ms=0.00, draw_ms=60.10, poll_ms=9.52, read_ms=0.00, handle_ms=0.00, event_count=1, last_event=Mouse(MouseEvent { kind: Moved, column: 111, row: 14, modifiers: KeyModifiers(0x0) })
2026-07-06T04:54:35.833944Z  INFO stacksaw::tui: TUI loop cycle: total_ms=61.06, lazy_load_ms=0.00, draw_ms=61.04, poll_ms=0.01, read_ms=0.00, handle_ms=0.00, event_count=1, last_event=Mouse(MouseEvent { kind: Moved, column: 110, row: 14, modifiers: KeyModifiers(0x0) })
2026-07-06T04:54:35.894079Z  INFO stacksaw::tui: TUI loop cycle: total_ms=60.10, lazy_load_ms=0.00, draw_ms=60.09, poll_ms=0.01, read_ms=0.00, handle_ms=0.00, event_count=1, last_event=Mouse(MouseEvent { kind: Moved, column: 108, row: 15, modifiers: KeyModifiers(0x0) })
2026-07-06T04:54:35.954304Z  INFO stacksaw::tui: TUI loop cycle: total_ms=60.19, lazy_load_ms=0.00, draw_ms=60.18, poll_ms=0.01, read_ms=0.00, handle_ms=0.00, event_count=1, last_event=Mouse(MouseEvent { kind: Moved, column: 106, row: 15, modifiers: KeyModifiers(0x0) })
2026-07-06T04:54:36.016291Z  INFO stacksaw::tui: TUI loop cycle: total_ms=61.95, lazy_load_ms=0.00, draw_ms=61.93, poll_ms=0.01, read_ms=0.00, handle_ms=0.00, event_count=2, last_event=Mouse(MouseEvent { kind: Moved, column: 88, row: 18, modifiers: KeyModifiers(0x0) })
2026-07-06T04:54:36.076502Z  INFO stacksaw::tui: TUI loop cycle: total_ms=60.17, lazy_load_ms=0.00, draw_ms=60.15, poll_ms=0.01, read_ms=0.00, handle_ms=0.00, event_count=5, last_event=Mouse(MouseEvent { kind: Moved, column: 79, row: 18, modifiers: KeyModifiers(0x0) })
2026-07-06T04:54:36.137379Z  INFO stacksaw::tui: TUI loop cycle: total_ms=60.84, lazy_load_ms=0.00, draw_ms=60.83, poll_ms=0.01, read_ms=0.00, handle_ms=0.00, event_count=2, last_event=Mouse(MouseEvent { kind: Moved, column: 78, row: 18, modifiers: KeyModifiers(0x0) })
2026-07-06T04:54:36.217574Z  INFO stacksaw::tui: TUI loop cycle: total_ms=80.16, lazy_load_ms=0.00, draw_ms=59.78, poll_ms=20.37, read_ms=0.00, handle_ms=0.00, event_count=1, last_event=Mouse(MouseEvent { kind: Moved, column: 73, row: 18, modifiers: KeyModifiers(0x0) })
2026-07-06T04:54:36.277608Z  INFO stacksaw::tui: TUI loop cycle: total_ms=60.00, lazy_load_ms=0.00, draw_ms=59.98, poll_ms=0.01, read_ms=0.00, handle_ms=0.00, event_count=2, last_event=Mouse(MouseEvent { kind: Moved, column: 73, row: 18, modifiers: KeyModifiers(0x0) })
2026-07-06T04:54:36.336781Z  INFO stacksaw::tui: TUI loop cycle: total_ms=59.14, lazy_load_ms=0.00, draw_ms=59.12, poll_ms=0.01, read_ms=0.00, handle_ms=0.00, event_count=1, last_event=Mouse(MouseEvent { kind: Moved, column: 73, row: 18, modifiers: KeyModifiers(0x0) })
2026-07-06T04:54:36.396441Z  INFO stacksaw::tui: TUI loop cycle: total_ms=59.63, lazy_load_ms=0.00, draw_ms=59.61, poll_ms=0.01, read_ms=0.00, handle_ms=0.00, event_count=3, last_event=Mouse(MouseEvent { kind: Moved, column: 71, row: 17, modifiers: KeyModifiers(0x0) })
2026-07-06T04:54:36.456408Z  INFO stacksaw::tui: TUI loop cycle: total_ms=59.93, lazy_load_ms=0.00, draw_ms=59.92, poll_ms=0.01, read_ms=0.00, handle_ms=0.00, event_count=3, last_event=Mouse(MouseEvent { kind: Moved, column: 71, row: 17, modifiers: KeyModifiers(0x0) })
2026-07-06T04:54:36.520187Z  INFO stacksaw::tui: TUI loop cycle: total_ms=63.74, lazy_load_ms=0.00, draw_ms=63.73, poll_ms=0.01, read_ms=0.00, handle_ms=0.00, event_count=1, last_event=Mouse(MouseEvent { kind: Moved, column: 70, row: 17, modifiers: KeyModifiers(0x0) })
2026-07-06T04:54:36.582536Z  INFO stacksaw::tui: TUI loop cycle: total_ms=62.31, lazy_load_ms=0.00, draw_ms=62.30, poll_ms=0.01, read_ms=0.00, handle_ms=0.00, event_count=2, last_event=Mouse(MouseEvent { kind: Moved, column: 69, row: 17, modifiers: KeyModifiers(0x0) })
2026-07-06T04:54:36.704194Z  INFO stacksaw::tui: TUI loop cycle: total_ms=121.62, lazy_load_ms=0.00, draw_ms=59.31, poll_ms=62.30, read_ms=0.00, handle_ms=0.00, event_count=1, last_event=Mouse(MouseEvent { kind: Moved, column: 69, row: 17, modifiers: KeyModifiers(0x0) })
2026-07-06T04:54:36.765669Z  INFO stacksaw::tui: TUI loop cycle: total_ms=61.43, lazy_load_ms=0.00, draw_ms=61.42, poll_ms=0.01, read_ms=0.00, handle_ms=0.00, event_count=5, last_event=Mouse(MouseEvent { kind: Moved, column: 69, row: 17, modifiers: KeyModifiers(0x0) })
2026-07-06T04:54:36.826103Z  INFO stacksaw::tui: TUI loop cycle: total_ms=60.41, lazy_load_ms=0.00, draw_ms=60.39, poll_ms=0.01, read_ms=0.00, handle_ms=0.00, event_count=2, last_event=Mouse(MouseEvent { kind: Moved, column: 69, row: 17, modifiers: KeyModifiers(0x0) })
2026-07-06T04:54:36.895999Z  INFO stacksaw::tui: TUI loop cycle: total_ms=69.85, lazy_load_ms=0.00, draw_ms=61.03, poll_ms=8.81, read_ms=0.00, handle_ms=0.00, event_count=1, last_event=Mouse(MouseEvent { kind: Moved, column: 69, row: 17, modifiers: KeyModifiers(0x0) })
2026-07-06T04:54:36.956485Z  INFO stacksaw::tui: TUI loop cycle: total_ms=60.45, lazy_load_ms=0.00, draw_ms=60.43, poll_ms=0.01, read_ms=0.00, handle_ms=0.00, event_count=1, last_event=Mouse(MouseEvent { kind: Moved, column: 69, row: 17, modifiers: KeyModifiers(0x0) })
2026-07-06T04:54:37.028794Z  INFO stacksaw::tui: TUI loop cycle: total_ms=72.28, lazy_load_ms=0.00, draw_ms=64.02, poll_ms=8.24, read_ms=0.00, handle_ms=0.00, event_count=1, last_event=Mouse(MouseEvent { kind: Moved, column: 70, row: 17, modifiers: KeyModifiers(0x0) })
2026-07-06T04:54:37.090215Z  INFO stacksaw::tui: TUI loop cycle: total_ms=61.38, lazy_load_ms=0.00, draw_ms=61.37, poll_ms=0.01, read_ms=0.00, handle_ms=0.00, event_count=2, last_event=Mouse(MouseEvent { kind: Moved, column: 70, row: 16, modifiers: KeyModifiers(0x0) })
2026-07-06T04:54:37.160985Z  INFO stacksaw::tui: TUI loop cycle: total_ms=70.74, lazy_load_ms=0.00, draw_ms=70.72, poll_ms=0.01, read_ms=0.00, handle_ms=0.00, event_count=1, last_event=Mouse(MouseEvent { kind: Moved, column: 70, row: 16, modifiers: KeyModifiers(0x0) })
2026-07-06T04:54:37.354911Z  INFO stacksaw::tui: TUI loop cycle: total_ms=193.89, lazy_load_ms=0.00, draw_ms=62.47, poll_ms=131.40, read_ms=0.00, handle_ms=0.00, event_count=1, last_event=Mouse(MouseEvent { kind: Moved, column: 70, row: 16, modifiers: KeyModifiers(0x0) })
2026-07-06T04:54:37.420364Z  INFO stacksaw::tui: TUI loop cycle: total_ms=65.42, lazy_load_ms=0.00, draw_ms=65.40, poll_ms=0.01, read_ms=0.00, handle_ms=0.00, event_count=1, last_event=Mouse(MouseEvent { kind: Moved, column: 70, row: 16, modifiers: KeyModifiers(0x0) })
2026-07-06T04:54:37.492624Z  INFO stacksaw::tui: TUI loop cycle: total_ms=72.22, lazy_load_ms=0.00, draw_ms=59.46, poll_ms=12.76, read_ms=0.00, handle_ms=0.00, event_count=1, last_event=Mouse(MouseEvent { kind: Moved, column: 75, row: 17, modifiers: KeyModifiers(0x0) })
2026-07-06T04:54:37.554196Z  INFO stacksaw::tui: TUI loop cycle: total_ms=61.54, lazy_load_ms=0.00, draw_ms=61.52, poll_ms=0.01, read_ms=0.00, handle_ms=0.00, event_count=3, last_event=Mouse(MouseEvent { kind: Moved, column: 78, row: 18, modifiers: KeyModifiers(0x0) })
2026-07-06T04:54:37.657497Z  INFO stacksaw::tui: TUI loop cycle: total_ms=103.27, lazy_load_ms=0.00, draw_ms=60.55, poll_ms=42.71, read_ms=0.00, handle_ms=0.00, event_count=1, last_event=Mouse(MouseEvent { kind: Moved, column: 91, row: 20, modifiers: KeyModifiers(0x0) })
2026-07-06T04:54:37.718777Z  INFO stacksaw::tui: TUI loop cycle: total_ms=61.24, lazy_load_ms=0.00, draw_ms=61.22, poll_ms=0.01, read_ms=0.00, handle_ms=0.00, event_count=4, last_event=Mouse(MouseEvent { kind: Moved, column: 94, row: 20, modifiers: KeyModifiers(0x0) })
2026-07-06T04:54:37.779068Z  INFO stacksaw::tui: TUI loop cycle: total_ms=60.26, lazy_load_ms=0.00, draw_ms=60.24, poll_ms=0.01, read_ms=0.00, handle_ms=0.00, event_count=1, last_event=Mouse(MouseEvent { kind: Moved, column: 95, row: 19, modifiers: KeyModifiers(0x0) })
2026-07-06T04:54:37.838647Z  INFO stacksaw::tui: TUI loop cycle: total_ms=59.54, lazy_load_ms=0.00, draw_ms=59.53, poll_ms=0.01, read_ms=0.00, handle_ms=0.00, event_count=4, last_event=Mouse(MouseEvent { kind: Moved, column: 97, row: 19, modifiers: KeyModifiers(0x0) })
2026-07-06T04:54:37.961519Z  INFO stacksaw::tui: TUI loop cycle: total_ms=122.84, lazy_load_ms=0.00, draw_ms=59.87, poll_ms=62.96, read_ms=0.00, handle_ms=0.00, event_count=1, last_event=Mouse(MouseEvent { kind: Moved, column: 97, row: 19, modifiers: KeyModifiers(0x0) })
2026-07-06T04:54:38.025330Z  INFO stacksaw::tui: TUI loop cycle: total_ms=63.78, lazy_load_ms=0.00, draw_ms=63.76, poll_ms=0.01, read_ms=0.00, handle_ms=0.00, event_count=2, last_event=Mouse(MouseEvent { kind: Moved, column: 97, row: 19, modifiers: KeyModifiers(0x0) })
2026-07-06T04:54:38.085671Z  INFO stacksaw::tui: TUI loop cycle: total_ms=60.30, lazy_load_ms=0.00, draw_ms=60.28, poll_ms=0.01, read_ms=0.00, handle_ms=0.00, event_count=5, last_event=Mouse(MouseEvent { kind: Moved, column: 97, row: 20, modifiers: KeyModifiers(0x0) })
2026-07-06T04:54:38.145480Z  INFO stacksaw::tui: TUI loop cycle: total_ms=59.77, lazy_load_ms=0.00, draw_ms=59.76, poll_ms=0.01, read_ms=0.00, handle_ms=0.00, event_count=2, last_event=Mouse(MouseEvent { kind: Moved, column: 97, row: 20, modifiers: KeyModifiers(0x0) })
2026-07-06T04:54:38.205411Z  INFO stacksaw::tui: TUI loop cycle: total_ms=59.90, lazy_load_ms=0.00, draw_ms=59.88, poll_ms=0.01, read_ms=0.00, handle_ms=0.00, event_count=3, last_event=Mouse(MouseEvent { kind: Moved, column: 98, row: 20, modifiers: KeyModifiers(0x0) })
2026-07-06T04:54:38.264821Z  INFO stacksaw::tui: TUI loop cycle: total_ms=59.37, lazy_load_ms=0.00, draw_ms=59.36, poll_ms=0.01, read_ms=0.00, handle_ms=0.00, event_count=1, last_event=Mouse(MouseEvent { kind: Moved, column: 98, row: 20, modifiers: KeyModifiers(0x0) })
2026-07-06T04:54:38.324068Z  INFO stacksaw::tui: TUI loop cycle: total_ms=59.21, lazy_load_ms=0.00, draw_ms=59.20, poll_ms=0.01, read_ms=0.00, handle_ms=0.00, event_count=1, last_event=Mouse(MouseEvent { kind: Moved, column: 98, row: 20, modifiers: KeyModifiers(0x0) })
2026-07-06T04:54:38.446326Z  INFO stacksaw::tui: TUI loop cycle: total_ms=122.22, lazy_load_ms=0.00, draw_ms=59.67, poll_ms=62.54, read_ms=0.00, handle_ms=0.00, event_count=1, last_event=Mouse(MouseEvent { kind: Down(Left), column: 98, row: 20, modifiers: KeyModifiers(0x0) })
2026-07-06T04:54:38.608212Z  INFO stacksaw::tui: TUI loop cycle: total_ms=161.85, lazy_load_ms=0.00, draw_ms=61.75, poll_ms=100.09, read_ms=0.00, handle_ms=0.00, event_count=1, last_event=Mouse(MouseEvent { kind: Drag(Left), column: 98, row: 20, modifiers: KeyModifiers(0x0) })
2026-07-06T04:54:38.668705Z  INFO stacksaw::tui: TUI loop cycle: total_ms=60.46, lazy_load_ms=0.00, draw_ms=60.45, poll_ms=0.01, read_ms=0.00, handle_ms=0.00, event_count=1, last_event=Mouse(MouseEvent { kind: Drag(Left), column: 98, row: 19, modifiers: KeyModifiers(0x0) })
2026-07-06T04:54:38.729686Z  INFO stacksaw::tui: TUI loop cycle: total_ms=60.94, lazy_load_ms=0.00, draw_ms=60.93, poll_ms=0.01, read_ms=0.00, handle_ms=0.00, event_count=2, last_event=Mouse(MouseEvent { kind: Drag(Left), column: 98, row: 17, modifiers: KeyModifiers(0x0) })
2026-07-06T04:54:38.791139Z  INFO stacksaw::tui: TUI loop cycle: total_ms=61.42, lazy_load_ms=0.00, draw_ms=61.40, poll_ms=0.01, read_ms=0.00, handle_ms=0.00, event_count=1, last_event=Mouse(MouseEvent { kind: Drag(Left), column: 98, row: 16, modifiers: KeyModifiers(0x0) })
2026-07-06T04:54:38.915479Z  INFO stacksaw::tui: TUI loop cycle: total_ms=124.30, lazy_load_ms=0.00, draw_ms=61.00, poll_ms=63.29, read_ms=0.00, handle_ms=0.00, event_count=1, last_event=Mouse(MouseEvent { kind: Drag(Left), column: 98, row: 15, modifiers: KeyModifiers(0x0) })
2026-07-06T04:54:39.021255Z  INFO stacksaw::tui: TUI loop cycle: total_ms=105.74, lazy_load_ms=0.00, draw_ms=61.81, poll_ms=43.92, read_ms=0.00, handle_ms=0.00, event_count=1, last_event=Mouse(MouseEvent { kind: Drag(Left), column: 98, row: 14, modifiers: KeyModifiers(0x0) })
2026-07-06T04:54:39.149272Z  INFO stacksaw::tui: TUI loop cycle: total_ms=127.98, lazy_load_ms=0.00, draw_ms=64.95, poll_ms=63.01, read_ms=0.00, handle_ms=0.00, event_count=1, last_event=Mouse(MouseEvent { kind: Drag(Left), column: 98, row: 13, modifiers: KeyModifiers(0x0) })
2026-07-06T04:54:39.255687Z  INFO stacksaw::tui: TUI loop cycle: total_ms=106.38, lazy_load_ms=0.00, draw_ms=65.56, poll_ms=40.81, read_ms=0.00, handle_ms=0.00, event_count=1, last_event=Mouse(MouseEvent { kind: Drag(Left), column: 99, row: 13, modifiers: KeyModifiers(0x0) })
2026-07-06T04:54:39.333550Z  INFO stacksaw::tui: TUI loop cycle: total_ms=77.82, lazy_load_ms=0.00, draw_ms=61.66, poll_ms=16.15, read_ms=0.00, handle_ms=0.00, event_count=1, last_event=Mouse(MouseEvent { kind: Drag(Left), column: 99, row: 12, modifiers: KeyModifiers(0x0) })
2026-07-06T04:54:39.396298Z  INFO stacksaw::tui: TUI loop cycle: total_ms=62.71, lazy_load_ms=0.00, draw_ms=62.70, poll_ms=0.01, read_ms=0.00, handle_ms=0.00, event_count=1, last_event=Mouse(MouseEvent { kind: Drag(Left), column: 100, row: 12, modifiers: KeyModifiers(0x0) })
2026-07-06T04:54:39.457226Z  INFO stacksaw::tui: TUI loop cycle: total_ms=60.89, lazy_load_ms=0.00, draw_ms=60.88, poll_ms=0.01, read_ms=0.00, handle_ms=0.00, event_count=1, last_event=Mouse(MouseEvent { kind: Drag(Left), column: 100, row: 11, modifiers: KeyModifiers(0x0) })
2026-07-06T04:54:39.988858Z  INFO stacksaw::tui: TUI loop cycle: total_ms=220.94, lazy_load_ms=0.00, draw_ms=60.91, poll_ms=159.79, read_ms=0.00, handle_ms=0.22, event_count=1, last_event=Mouse(MouseEvent { kind: Up(Left), column: 100, row: 11, modifiers: KeyModifiers(0x0) })
2026-07-06T04:54:40.498063Z  INFO stacksaw::tui: TUI loop cycle: total_ms=197.96, lazy_load_ms=0.00, draw_ms=61.16, poll_ms=136.78, read_ms=0.00, handle_ms=0.00, event_count=1, last_event=Mouse(MouseEvent { kind: Moved, column: 100, row: 11, modifiers: KeyModifiers(0x0) })
2026-07-06T04:54:40.558938Z  INFO stacksaw::tui: TUI loop cycle: total_ms=60.84, lazy_load_ms=0.00, draw_ms=60.82, poll_ms=0.01, read_ms=0.00, handle_ms=0.00, event_count=5, last_event=Mouse(MouseEvent { kind: Moved, column: 100, row: 15, modifiers: KeyModifiers(0x0) })
2026-07-06T04:54:40.618875Z  INFO stacksaw::tui: TUI loop cycle: total_ms=59.90, lazy_load_ms=0.00, draw_ms=59.88, poll_ms=0.01, read_ms=0.00, handle_ms=0.00, event_count=3, last_event=Mouse(MouseEvent { kind: Moved, column: 98, row: 19, modifiers: KeyModifiers(0x0) })
2026-07-06T04:54:40.680470Z  INFO stacksaw::tui: TUI loop cycle: total_ms=61.56, lazy_load_ms=0.00, draw_ms=61.55, poll_ms=0.01, read_ms=0.00, handle_ms=0.00, event_count=1, last_event=Mouse(MouseEvent { kind: Moved, column: 97, row: 21, modifiers: KeyModifiers(0x0) })
2026-07-06T04:54:40.741215Z  INFO stacksaw::tui: TUI loop cycle: total_ms=60.70, lazy_load_ms=0.00, draw_ms=60.68, poll_ms=0.01, read_ms=0.00, handle_ms=0.00, event_count=3, last_event=Mouse(MouseEvent { kind: Moved, column: 97, row: 23, modifiers: KeyModifiers(0x0) })
2026-07-06T04:54:40.801469Z  INFO stacksaw::tui: TUI loop cycle: total_ms=60.22, lazy_load_ms=0.00, draw_ms=60.20, poll_ms=0.01, read_ms=0.00, handle_ms=0.00, event_count=4, last_event=Mouse(MouseEvent { kind: Moved, column: 97, row: 23, modifiers: KeyModifiers(0x0) })
2026-07-06T04:54:40.862007Z  INFO stacksaw::tui: TUI loop cycle: total_ms=60.50, lazy_load_ms=0.00, draw_ms=60.49, poll_ms=0.01, read_ms=0.00, handle_ms=0.00, event_count=3, last_event=Mouse(MouseEvent { kind: Moved, column: 97, row: 23, modifiers: KeyModifiers(0x0) })
2026-07-06T04:54:41.091613Z  INFO stacksaw::tui: TUI loop cycle: total_ms=229.57, lazy_load_ms=0.00, draw_ms=60.07, poll_ms=169.49, read_ms=0.00, handle_ms=0.00, event_count=1, last_event=Mouse(MouseEvent { kind: Moved, column: 97, row: 23, modifiers: KeyModifiers(0x0) })
2026-07-06T04:54:41.486727Z  INFO stacksaw::tui: TUI loop cycle: total_ms=83.20, lazy_load_ms=0.00, draw_ms=61.08, poll_ms=22.11, read_ms=0.00, handle_ms=0.00, event_count=1, last_event=Mouse(MouseEvent { kind: Moved, column: 97, row: 23, modifiers: KeyModifiers(0x0) })
2026-07-06T04:54:41.549650Z  INFO stacksaw::tui: TUI loop cycle: total_ms=62.88, lazy_load_ms=0.00, draw_ms=62.87, poll_ms=0.01, read_ms=0.00, handle_ms=0.00, event_count=6, last_event=Mouse(MouseEvent { kind: Moved, column: 98, row: 21, modifiers: KeyModifiers(0x0) })
2026-07-06T04:54:41.617936Z  INFO stacksaw::tui: TUI loop cycle: total_ms=68.25, lazy_load_ms=0.00, draw_ms=68.23, poll_ms=0.01, read_ms=0.00, handle_ms=0.00, event_count=7, last_event=Mouse(MouseEvent { kind: Moved, column: 105, row: 14, modifiers: KeyModifiers(0x0) })
2026-07-06T04:54:41.682288Z  INFO stacksaw::tui: TUI loop cycle: total_ms=64.32, lazy_load_ms=0.01, draw_ms=64.29, poll_ms=0.01, read_ms=0.00, handle_ms=0.00, event_count=7, last_event=Mouse(MouseEvent { kind: Moved, column: 108, row: 12, modifiers: KeyModifiers(0x0) })
2026-07-06T04:54:41.742528Z  INFO stacksaw::tui: TUI loop cycle: total_ms=60.20, lazy_load_ms=0.00, draw_ms=60.19, poll_ms=0.01, read_ms=0.00, handle_ms=0.00, event_count=4, last_event=Mouse(MouseEvent { kind: Moved, column: 108, row: 12, modifiers: KeyModifiers(0x0) })
2026-07-06T04:54:41.811653Z  INFO stacksaw::tui: TUI loop cycle: total_ms=69.09, lazy_load_ms=0.00, draw_ms=61.20, poll_ms=7.88, read_ms=0.00, handle_ms=0.00, event_count=1, last_event=Mouse(MouseEvent { kind: Moved, column: 108, row: 12, modifiers: KeyModifiers(0x0) })
2026-07-06T04:54:41.908709Z  INFO stacksaw::tui: TUI loop cycle: total_ms=97.02, lazy_load_ms=0.00, draw_ms=59.74, poll_ms=37.27, read_ms=0.00, handle_ms=0.00, event_count=1, last_event=Mouse(MouseEvent { kind: Moved, column: 108, row: 11, modifiers: KeyModifiers(0x0) })
2026-07-06T04:54:42.319582Z  INFO stacksaw::tui: TUI loop cycle: total_ms=100.30, lazy_load_ms=0.00, draw_ms=61.48, poll_ms=38.81, read_ms=0.00, handle_ms=0.00, event_count=1, last_event=Mouse(MouseEvent { kind: Moved, column: 108, row: 12, modifiers: KeyModifiers(0x0) })
2026-07-06T04:54:42.380505Z  INFO stacksaw::tui: TUI loop cycle: total_ms=60.89, lazy_load_ms=0.00, draw_ms=60.87, poll_ms=0.01, read_ms=0.00, handle_ms=0.00, event_count=2, last_event=Mouse(MouseEvent { kind: Moved, column: 108, row: 12, modifiers: KeyModifiers(0x0) })
2026-07-06T04:54:42.440866Z  INFO stacksaw::tui: TUI loop cycle: total_ms=60.29, lazy_load_ms=0.00, draw_ms=60.28, poll_ms=0.01, read_ms=0.00, handle_ms=0.00, event_count=3, last_event=Mouse(MouseEvent { kind: Moved, column: 108, row: 17, modifiers: KeyModifiers(0x0) })
2026-07-06T04:54:42.558714Z  INFO stacksaw::tui: TUI loop cycle: total_ms=117.81, lazy_load_ms=0.00, draw_ms=59.91, poll_ms=57.89, read_ms=0.00, handle_ms=0.00, event_count=1, last_event=Mouse(MouseEvent { kind: Moved, column: 108, row: 18, modifiers: KeyModifiers(0x0) })
2026-07-06T04:54:42.619988Z  INFO stacksaw::tui: TUI loop cycle: total_ms=61.23, lazy_load_ms=0.00, draw_ms=61.22, poll_ms=0.01, read_ms=0.00, handle_ms=0.00, event_count=1, last_event=Mouse(MouseEvent { kind: Moved, column: 108, row: 18, modifiers: KeyModifiers(0x0) })
2026-07-06T04:54:42.991500Z  INFO stacksaw::tui: TUI loop cycle: total_ms=61.22, lazy_load_ms=0.00, draw_ms=61.20, poll_ms=0.01, read_ms=0.00, handle_ms=0.00, event_count=1, last_event=Mouse(MouseEvent { kind: Moved, column: 108, row: 18, modifiers: KeyModifiers(0x0) })
2026-07-06T04:54:43.053909Z  INFO stacksaw::tui: TUI loop cycle: total_ms=62.37, lazy_load_ms=0.00, draw_ms=62.35, poll_ms=0.01, read_ms=0.00, handle_ms=0.00, event_count=6, last_event=Mouse(MouseEvent { kind: Moved, column: 107, row: 16, modifiers: KeyModifiers(0x0) })
2026-07-06T04:54:43.114755Z  INFO stacksaw::tui: TUI loop cycle: total_ms=60.80, lazy_load_ms=0.00, draw_ms=60.78, poll_ms=0.01, read_ms=0.00, handle_ms=0.00, event_count=8, last_event=Mouse(MouseEvent { kind: Moved, column: 108, row: 13, modifiers: KeyModifiers(0x0) })
2026-07-06T04:54:43.176191Z  INFO stacksaw::tui: TUI loop cycle: total_ms=61.41, lazy_load_ms=0.00, draw_ms=61.39, poll_ms=0.01, read_ms=0.00, handle_ms=0.00, event_count=3, last_event=Mouse(MouseEvent { kind: Moved, column: 108, row: 12, modifiers: KeyModifiers(0x0) })
2026-07-06T04:54:43.237607Z  INFO stacksaw::tui: TUI loop cycle: total_ms=61.38, lazy_load_ms=0.00, draw_ms=61.36, poll_ms=0.01, read_ms=0.00, handle_ms=0.00, event_count=2, last_event=Mouse(MouseEvent { kind: Moved, column: 109, row: 12, modifiers: KeyModifiers(0x0) })
2026-07-06T04:54:43.300356Z  INFO stacksaw::tui: TUI loop cycle: total_ms=62.71, lazy_load_ms=0.00, draw_ms=62.70, poll_ms=0.01, read_ms=0.00, handle_ms=0.00, event_count=1, last_event=Mouse(MouseEvent { kind: Moved, column: 109, row: 12, modifiers: KeyModifiers(0x0) })
2026-07-06T04:54:43.360852Z  INFO stacksaw::tui: TUI loop cycle: total_ms=60.46, lazy_load_ms=0.00, draw_ms=60.44, poll_ms=0.01, read_ms=0.00, handle_ms=0.00, event_count=1, last_event=Mouse(MouseEvent { kind: Moved, column: 109, row: 11, modifiers: KeyModifiers(0x0) })
2026-07-06T04:54:43.557644Z  INFO stacksaw::tui: TUI loop cycle: total_ms=196.76, lazy_load_ms=0.00, draw_ms=60.10, poll_ms=136.64, read_ms=0.00, handle_ms=0.00, event_count=1, last_event=Mouse(MouseEvent { kind: Moved, column: 109, row: 11, modifiers: KeyModifiers(0x0) })
2026-07-06T04:54:43.618757Z  INFO stacksaw::tui: TUI loop cycle: total_ms=61.08, lazy_load_ms=0.00, draw_ms=61.06, poll_ms=0.01, read_ms=0.00, handle_ms=0.00, event_count=2, last_event=Mouse(MouseEvent { kind: Moved, column: 109, row: 11, modifiers: KeyModifiers(0x0) })
2026-07-06T04:54:43.841593Z  INFO stacksaw::tui: TUI loop cycle: total_ms=222.80, lazy_load_ms=0.00, draw_ms=60.43, poll_ms=162.36, read_ms=0.00, handle_ms=0.00, event_count=1, last_event=Mouse(MouseEvent { kind: Moved, column: 109, row: 13, modifiers: KeyModifiers(0x0) })
2026-07-06T04:54:43.903482Z  INFO stacksaw::tui: TUI loop cycle: total_ms=61.85, lazy_load_ms=0.00, draw_ms=61.83, poll_ms=0.01, read_ms=0.00, handle_ms=0.00, event_count=6, last_event=Mouse(MouseEvent { kind: Moved, column: 108, row: 18, modifiers: KeyModifiers(0x0) })
2026-07-06T04:54:43.965726Z  INFO stacksaw::tui: TUI loop cycle: total_ms=62.21, lazy_load_ms=0.00, draw_ms=62.20, poll_ms=0.01, read_ms=0.00, handle_ms=0.00, event_count=1, last_event=Mouse(MouseEvent { kind: Moved, column: 107, row: 21, modifiers: KeyModifiers(0x0) })
2026-07-06T04:54:44.029933Z  INFO stacksaw::tui: TUI loop cycle: total_ms=64.17, lazy_load_ms=0.00, draw_ms=64.15, poll_ms=0.01, read_ms=0.00, handle_ms=0.00, event_count=1, last_event=Mouse(MouseEvent { kind: Moved, column: 107, row: 21, modifiers: KeyModifiers(0x0) })
2026-07-06T04:54:44.090437Z  INFO stacksaw::tui: TUI loop cycle: total_ms=60.47, lazy_load_ms=0.00, draw_ms=60.45, poll_ms=0.01, read_ms=0.00, handle_ms=0.00, event_count=1, last_event=Mouse(MouseEvent { kind: Moved, column: 107, row: 21, modifiers: KeyModifiers(0x0) })
2026-07-06T04:54:44.150936Z  INFO stacksaw::tui: TUI loop cycle: total_ms=60.46, lazy_load_ms=0.00, draw_ms=60.45, poll_ms=0.01, read_ms=0.00, handle_ms=0.00, event_count=1, last_event=Mouse(MouseEvent { kind: Moved, column: 107, row: 21, modifiers: KeyModifiers(0x0) })
2026-07-06T04:54:44.353898Z  INFO stacksaw::tui: TUI loop cycle: total_ms=202.93, lazy_load_ms=0.00, draw_ms=60.30, poll_ms=142.61, read_ms=0.00, handle_ms=0.00, event_count=1, last_event=Mouse(MouseEvent { kind: Moved, column: 107, row: 21, modifiers: KeyModifiers(0x0) })
2026-07-06T04:54:44.549190Z  INFO stacksaw::tui: TUI loop cycle: total_ms=195.26, lazy_load_ms=0.00, draw_ms=61.50, poll_ms=133.75, read_ms=0.00, handle_ms=0.00, event_count=1, last_event=Mouse(MouseEvent { kind: Moved, column: 107, row: 21, modifiers: KeyModifiers(0x0) })
2026-07-06T04:54:44.610399Z  INFO stacksaw::tui: TUI loop cycle: total_ms=61.18, lazy_load_ms=0.00, draw_ms=61.16, poll_ms=0.01, read_ms=0.00, handle_ms=0.00, event_count=7, last_event=Mouse(MouseEvent { kind: Moved, column: 106, row: 19, modifiers: KeyModifiers(0x0) })
2026-07-06T04:54:44.669736Z  INFO stacksaw::tui: TUI loop cycle: total_ms=59.30, lazy_load_ms=0.00, draw_ms=59.28, poll_ms=0.01, read_ms=0.00, handle_ms=0.00, event_count=7, last_event=Mouse(MouseEvent { kind: Moved, column: 106, row: 14, modifiers: KeyModifiers(0x0) })
2026-07-06T04:54:44.730678Z  INFO stacksaw::tui: TUI loop cycle: total_ms=60.90, lazy_load_ms=0.00, draw_ms=60.89, poll_ms=0.01, read_ms=0.00, handle_ms=0.00, event_count=2, last_event=Mouse(MouseEvent { kind: Moved, column: 106, row: 13, modifiers: KeyModifiers(0x0) })
2026-07-06T04:54:44.790660Z  INFO stacksaw::tui: TUI loop cycle: total_ms=59.95, lazy_load_ms=0.00, draw_ms=59.93, poll_ms=0.01, read_ms=0.00, handle_ms=0.00, event_count=1, last_event=Mouse(MouseEvent { kind: Moved, column: 107, row: 12, modifiers: KeyModifiers(0x0) })
2026-07-06T04:54:44.850891Z  INFO stacksaw::tui: TUI loop cycle: total_ms=60.19, lazy_load_ms=0.00, draw_ms=60.18, poll_ms=0.01, read_ms=0.00, handle_ms=0.00, event_count=5, last_event=Mouse(MouseEvent { kind: Moved, column: 107, row: 11, modifiers: KeyModifiers(0x0) })
2026-07-06T04:54:44.911880Z  INFO stacksaw::tui: TUI loop cycle: total_ms=60.95, lazy_load_ms=0.00, draw_ms=60.94, poll_ms=0.01, read_ms=0.00, handle_ms=0.00, event_count=1, last_event=Mouse(MouseEvent { kind: Moved, column: 107, row: 11, modifiers: KeyModifiers(0x0) })
2026-07-06T04:54:44.971935Z  INFO stacksaw::tui: TUI loop cycle: total_ms=60.01, lazy_load_ms=0.00, draw_ms=59.99, poll_ms=0.01, read_ms=0.00, handle_ms=0.00, event_count=1, last_event=Mouse(MouseEvent { kind: Moved, column: 107, row: 11, modifiers: KeyModifiers(0x0) })
2026-07-06T04:54:45.120480Z  INFO stacksaw::tui: TUI loop cycle: total_ms=148.51, lazy_load_ms=0.00, draw_ms=61.11, poll_ms=87.38, read_ms=0.00, handle_ms=0.00, event_count=1, last_event=Mouse(MouseEvent { kind: Moved, column: 107, row: 11, modifiers: KeyModifiers(0x0) })
2026-07-06T04:54:45.215546Z  INFO stacksaw::tui: TUI loop cycle: total_ms=95.03, lazy_load_ms=0.00, draw_ms=61.04, poll_ms=33.98, read_ms=0.00, handle_ms=0.00, event_count=1, last_event=Mouse(MouseEvent { kind: Moved, column: 107, row: 11, modifiers: KeyModifiers(0x0) })
2026-07-06T04:54:45.349501Z  INFO stacksaw::tui: TUI loop cycle: total_ms=133.92, lazy_load_ms=0.00, draw_ms=61.09, poll_ms=72.82, read_ms=0.00, handle_ms=0.00, event_count=1, last_event=Mouse(MouseEvent { kind: Moved, column: 107, row: 11, modifiers: KeyModifiers(0x0) })
2026-07-06T04:54:45.424391Z  INFO stacksaw::tui: TUI loop cycle: total_ms=74.86, lazy_load_ms=0.00, draw_ms=60.40, poll_ms=14.45, read_ms=0.00, handle_ms=0.00, event_count=1, last_event=Mouse(MouseEvent { kind: Moved, column: 107, row: 11, modifiers: KeyModifiers(0x0) })
2026-07-06T04:54:45.484261Z  INFO stacksaw::tui: TUI loop cycle: total_ms=59.84, lazy_load_ms=0.00, draw_ms=59.81, poll_ms=0.01, read_ms=0.00, handle_ms=0.00, event_count=7, last_event=Mouse(MouseEvent { kind: Moved, column: 107, row: 12, modifiers: KeyModifiers(0x0) })
2026-07-06T04:54:45.543964Z  INFO stacksaw::tui: TUI loop cycle: total_ms=59.67, lazy_load_ms=0.00, draw_ms=59.65, poll_ms=0.01, read_ms=0.00, handle_ms=0.00, event_count=3, last_event=Mouse(MouseEvent { kind: Moved, column: 107, row: 14, modifiers: KeyModifiers(0x0) })
2026-07-06T04:54:45.603406Z  INFO stacksaw::tui: TUI loop cycle: total_ms=59.41, lazy_load_ms=0.00, draw_ms=59.39, poll_ms=0.01, read_ms=0.00, handle_ms=0.00, event_count=2, last_event=Mouse(MouseEvent { kind: Moved, column: 107, row: 19, modifiers: KeyModifiers(0x0) })
2026-07-06T04:54:45.664489Z  INFO stacksaw::tui: TUI loop cycle: total_ms=61.05, lazy_load_ms=0.00, draw_ms=61.03, poll_ms=0.01, read_ms=0.00, handle_ms=0.00, event_count=1, last_event=Mouse(MouseEvent { kind: Moved, column: 107, row: 20, modifiers: KeyModifiers(0x0) })
2026-07-06T04:54:45.724929Z  INFO stacksaw::tui: TUI loop cycle: total_ms=60.40, lazy_load_ms=0.00, draw_ms=60.39, poll_ms=0.01, read_ms=0.00, handle_ms=0.00, event_count=5, last_event=Mouse(MouseEvent { kind: Moved, column: 105, row: 21, modifiers: KeyModifiers(0x0) })
2026-07-06T04:54:45.792609Z  INFO stacksaw::tui: TUI loop cycle: total_ms=67.64, lazy_load_ms=0.00, draw_ms=59.62, poll_ms=8.01, read_ms=0.00, handle_ms=0.00, event_count=1, last_event=Mouse(MouseEvent { kind: Moved, column: 108, row: 16, modifiers: KeyModifiers(0x0) })
2026-07-06T04:54:45.852491Z  INFO stacksaw::tui: TUI loop cycle: total_ms=59.85, lazy_load_ms=0.00, draw_ms=59.83, poll_ms=0.01, read_ms=0.00, handle_ms=0.00, event_count=3, last_event=Mouse(MouseEvent { kind: Moved, column: 109, row: 14, modifiers: KeyModifiers(0x0) })
2026-07-06T04:54:45.912335Z  INFO stacksaw::tui: TUI loop cycle: total_ms=59.82, lazy_load_ms=0.00, draw_ms=59.80, poll_ms=0.01, read_ms=0.00, handle_ms=0.00, event_count=1, last_event=Mouse(MouseEvent { kind: Moved, column: 110, row: 13, modifiers: KeyModifiers(0x0) })
2026-07-06T04:54:45.973319Z  INFO stacksaw::tui: TUI loop cycle: total_ms=60.95, lazy_load_ms=0.00, draw_ms=60.93, poll_ms=0.01, read_ms=0.00, handle_ms=0.00, event_count=1, last_event=Mouse(MouseEvent { kind: Moved, column: 110, row: 12, modifiers: KeyModifiers(0x0) })
2026-07-06T04:54:46.035846Z  INFO stacksaw::tui: TUI loop cycle: total_ms=62.49, lazy_load_ms=0.00, draw_ms=62.48, poll_ms=0.01, read_ms=0.00, handle_ms=0.00, event_count=1, last_event=Mouse(MouseEvent { kind: Moved, column: 110, row: 12, modifiers: KeyModifiers(0x0) })
2026-07-06T04:54:46.097770Z  INFO stacksaw::tui: TUI loop cycle: total_ms=61.88, lazy_load_ms=0.00, draw_ms=61.87, poll_ms=0.01, read_ms=0.00, handle_ms=0.00, event_count=1, last_event=Mouse(MouseEvent { kind: Moved, column: 110, row: 12, modifiers: KeyModifiers(0x0) })
2026-07-06T04:54:46.158513Z  INFO stacksaw::tui: TUI loop cycle: total_ms=60.71, lazy_load_ms=0.00, draw_ms=60.69, poll_ms=0.01, read_ms=0.00, handle_ms=0.00, event_count=3, last_event=Mouse(MouseEvent { kind: Moved, column: 110, row: 12, modifiers: KeyModifiers(0x0) })
2026-07-06T04:54:46.218178Z  INFO stacksaw::tui: TUI loop cycle: total_ms=59.63, lazy_load_ms=0.00, draw_ms=59.62, poll_ms=0.01, read_ms=0.00, handle_ms=0.00, event_count=1, last_event=Mouse(MouseEvent { kind: Moved, column: 110, row: 12, modifiers: KeyModifiers(0x0) })
2026-07-06T04:54:46.300833Z  INFO stacksaw::tui: TUI loop cycle: total_ms=82.62, lazy_load_ms=0.00, draw_ms=59.69, poll_ms=22.92, read_ms=0.00, handle_ms=0.00, event_count=1, last_event=Mouse(MouseEvent { kind: Moved, column: 110, row: 11, modifiers: KeyModifiers(0x0) })
2026-07-06T04:54:46.361800Z  INFO stacksaw::tui: TUI loop cycle: total_ms=60.93, lazy_load_ms=0.00, draw_ms=60.92, poll_ms=0.01, read_ms=0.00, handle_ms=0.00, event_count=1, last_event=Mouse(MouseEvent { kind: Moved, column: 110, row: 11, modifiers: KeyModifiers(0x0) })
2026-07-06T04:54:46.567144Z  INFO stacksaw::tui: TUI loop cycle: total_ms=205.31, lazy_load_ms=0.00, draw_ms=59.57, poll_ms=145.72, read_ms=0.00, handle_ms=0.00, event_count=2, last_event=Mouse(MouseEvent { kind: Down(Left), column: 110, row: 11, modifiers: KeyModifiers(0x0) })
2026-07-06T04:54:46.811580Z  INFO stacksaw::tui: TUI loop cycle: total_ms=244.40, lazy_load_ms=0.00, draw_ms=61.37, poll_ms=183.01, read_ms=0.00, handle_ms=0.00, event_count=1, last_event=Mouse(MouseEvent { kind: Drag(Left), column: 110, row: 12, modifiers: KeyModifiers(0x0) })
2026-07-06T04:54:46.872702Z  INFO stacksaw::tui: TUI loop cycle: total_ms=61.09, lazy_load_ms=0.00, draw_ms=61.07, poll_ms=0.01, read_ms=0.00, handle_ms=0.00, event_count=1, last_event=Mouse(MouseEvent { kind: Drag(Left), column: 110, row: 13, modifiers: KeyModifiers(0x0) })
2026-07-06T04:54:47.028608Z  INFO stacksaw::tui: TUI loop cycle: total_ms=155.87, lazy_load_ms=0.00, draw_ms=64.24, poll_ms=91.62, read_ms=0.00, handle_ms=0.00, event_count=1, last_event=Mouse(MouseEvent { kind: Drag(Left), column: 110, row: 14, modifiers: KeyModifiers(0x0) })
2026-07-06T04:54:47.134672Z  INFO stacksaw::tui: TUI loop cycle: total_ms=106.02, lazy_load_ms=0.00, draw_ms=61.28, poll_ms=44.52, read_ms=0.00, handle_ms=0.22, event_count=1, last_event=Mouse(MouseEvent { kind: Up(Left), column: 110, row: 14, modifiers: KeyModifiers(0x0) })
2026-07-06T04:54:47.422355Z  INFO stacksaw::tui: TUI loop cycle: total_ms=287.66, lazy_load_ms=0.00, draw_ms=61.34, poll_ms=226.31, read_ms=0.00, handle_ms=0.00, event_count=1, last_event=Mouse(MouseEvent { kind: Moved, column: 109, row: 14, modifiers: KeyModifiers(0x0) })
2026-07-06T04:54:47.483223Z  INFO stacksaw::tui: TUI loop cycle: total_ms=60.84, lazy_load_ms=0.00, draw_ms=60.82, poll_ms=0.01, read_ms=0.00, handle_ms=0.00, event_count=4, last_event=Mouse(MouseEvent { kind: Moved, column: 107, row: 16, modifiers: KeyModifiers(0x0) })
2026-07-06T04:54:47.542797Z  INFO stacksaw::tui: TUI loop cycle: total_ms=59.54, lazy_load_ms=0.00, draw_ms=59.53, poll_ms=0.01, read_ms=0.00, handle_ms=0.00, event_count=2, last_event=Mouse(MouseEvent { kind: Moved, column: 95, row: 33, modifiers: KeyModifiers(0x0) })
2026-07-06T04:54:47.603712Z  INFO stacksaw::tui: TUI loop cycle: total_ms=60.88, lazy_load_ms=0.00, draw_ms=60.87, poll_ms=0.01, read_ms=0.00, handle_ms=0.00, event_count=1, last_event=Mouse(MouseEvent { kind: Moved, column: 91, row: 37, modifiers: KeyModifiers(0x0) })
2026-07-06T04:54:47.663720Z  INFO stacksaw::tui: TUI loop cycle: total_ms=59.97, lazy_load_ms=0.01, draw_ms=59.95, poll_ms=0.01, read_ms=0.00, handle_ms=0.00, event_count=7, last_event=Mouse(MouseEvent { kind: Moved, column: 83, row: 42, modifiers: KeyModifiers(0x0) })
2026-07-06T04:54:47.741433Z  INFO stacksaw::tui: TUI loop cycle: total_ms=77.67, lazy_load_ms=0.00, draw_ms=60.73, poll_ms=16.93, read_ms=0.00, handle_ms=0.00, event_count=1, last_event=Mouse(MouseEvent { kind: Moved, column: 79, row: 45, modifiers: KeyModifiers(0x0) })
2026-07-06T04:54:47.802059Z  INFO stacksaw::tui: TUI loop cycle: total_ms=60.59, lazy_load_ms=0.00, draw_ms=60.57, poll_ms=0.01, read_ms=0.00, handle_ms=0.00, event_count=8, last_event=Mouse(MouseEvent { kind: Moved, column: 77, row: 46, modifiers: KeyModifiers(0x0) })
2026-07-06T04:54:47.862243Z  INFO stacksaw::tui: TUI loop cycle: total_ms=60.15, lazy_load_ms=0.00, draw_ms=60.14, poll_ms=0.01, read_ms=0.00, handle_ms=0.00, event_count=3, last_event=Mouse(MouseEvent { kind: Moved, column: 77, row: 47, modifiers: KeyModifiers(0x0) })
